<?xml version="1.0" encoding="UTF-8"?>
<coverage generated="1741905248150" clover="3.2.0">
  <project timestamp="1741905248150" name="All files">
    <metrics statements="5" coveredstatements="2" conditionals="6" coveredconditionals="2" methods="3" coveredmethods="1" elements="14" coveredelements="5" complexity="0" loc="5" ncloc="5" packages="1" files="1" classes="1"/>
    <file name="autenticacao.js" path="C:\Users\Adalberto\Documents\Programação\Projeto Paradas Máquinas\Paradas_Maquinas\Backend\teste\autenticacao.js">
      <metrics statements="5" coveredstatements="2" conditionals="6" coveredconditionals="2" methods="3" coveredmethods="1"/>
      <line num="2" count="1" type="cond" truecount="2" falsecount="0"/>
      <line num="7" count="0" type="cond" truecount="0" falsecount="4"/>
      <line num="8" count="0" type="stmt"/>
      <line num="13" count="0" type="stmt"/>
      <line num="16" count="1" type="stmt"/>
    </file>
  </project>
</coverage>
