{"C:\\Users\\Adalberto\\Documents\\Programação\\Projeto Paradas Máquinas\\Paradas_Maquinas\\Backend\\teste\\autenticacao.js": {"path":"C:\\Users\\Adalberto\\Documents\\Programação\\Projeto Paradas Máquinas\\Paradas_Maquinas\\Backend\\teste\\autenticacao.js","statementMap":{"0":{"start":{"line":2,"column":4},"end":{"line":2,"column":62}},"1":{"start":{"line":7,"column":4},"end":{"line":9,"column":5}},"2":{"start":{"line":8,"column":8},"end":{"line":8,"column":19}},"3":{"start":{"line":13,"column":19},"end":{"line":13,"column":46}},"4":{"start":{"line":16,"column":0},"end":{"line":16,"column":58}}},"fnMap":{"0":{"name":"verificaEmail","decl":{"start":{"line":1,"column":9},"end":{"line":1,"column":22}},"loc":{"start":{"line":1,"column":35},"end":{"line":3,"column":1}},"line":1},"1":{"name":"verificaIdade","decl":{"start":{"line":5,"column":9},"end":{"line":5,"column":22}},"loc":{"start":{"line":5,"column":29},"end":{"line":10,"column":1}},"line":5},"2":{"name":"verificaCPF","decl":{"start":{"line":12,"column":9},"end":{"line":12,"column":20}},"loc":{"start":{"line":12,"column":22},"end":{"line":14,"column":1}},"line":12}},"branchMap":{"0":{"loc":{"start":{"line":2,"column":11},"end":{"line":2,"column":62}},"type":"binary-expr","locations":[{"start":{"line":2,"column":11},"end":{"line":2,"column":37}},{"start":{"line":2,"column":41},"end":{"line":2,"column":62}}],"line":2},"1":{"loc":{"start":{"line":7,"column":4},"end":{"line":9,"column":5}},"type":"if","locations":[{"start":{"line":7,"column":4},"end":{"line":9,"column":5}},{"start":{},"end":{}}],"line":7},"2":{"loc":{"start":{"line":7,"column":7},"end":{"line":7,"column":30}},"type":"binary-expr","locations":[{"start":{"line":7,"column":7},"end":{"line":7,"column":17}},{"start":{"line":7,"column":21},"end":{"line":7,"column":30}}],"line":7}},"s":{"0":1,"1":0,"2":0,"3":0,"4":1},"f":{"0":1,"1":0,"2":0},"b":{"0":[1,1],"1":[0,0],"2":[0,0]},"_coverageSchema":"1a1c01bbd47fc00a2c39e90264f33305004495a9","hash":"aa9b2caf01c2d8689828e4643c4887e1fd49bbfd"}
}
